<?xml version="1.0" encoding="UTF-8"?>
<!-- Generated by org.testng.reporters.JUnitXMLReporter -->
<testsuite ignored="1" hostname="LipsaP-ATC-BENG" failures="0" tests="9" name="Test" time="220.798" errors="0" timestamp="2024-05-27T16:04:03 IST">
  <testcase classname="com.ums.admission.testcases.TC_RegistrationPageTest" name="Registration" time="26.958"/>
  <testcase classname="com.ums.admission.testcases.TC_RegistrationPageTest" name="Registration" time="29.804"/>
  <testcase classname="com.ums.admission.testcases.TC_RegistrationPageTest" name="Registration" time="25.424"/>
  <testcase classname="com.ums.admission.testcases.TC_RegistrationPageTest" name="Registration" time="21.503"/>
  <testcase classname="com.ums.admission.testcases.TC_RegistrationPageTest" name="Registration" time="20.511"/>
  <testcase classname="com.ums.admission.testcases.TC_RegistrationPageTest" name="Registration" time="21.965"/>
  <testcase classname="com.ums.admission.testcases.TC_RegistrationPageTest" name="Registration" time="22.082"/>
  <testcase classname="com.ums.admission.testcases.TC_RegistrationPageTest" name="Registration" time="21.41"/>
  <testcase classname="com.ums.admission.testcases.TC_RegistrationPageTest" name="Registration" time="21.641"/>
  <testcase classname="com.ums.admission.testcases.TC_RegistrationPageTest" name="VerifyRegPage" time="0.0">
    <ignored/>
  </testcase> <!-- VerifyRegPage -->
</testsuite> <!-- Test -->
